<?xml version="1.0" encoding="UTF-8"?>
<testsuite name="BullsCowsTest" tests="1" skipped="0" failures="0" errors="0" timestamp="2021-02-21T17:33:21" hostname="DESKTOP-E4L6CVU" time="0.601">
  <properties/>
  <testcase name="start" classname="BullsCowsTest" time="0.601"/>
  <system-out><![CDATA[?[1;31m
Start test 1?[0m
Please, enter the secret code's length:
> 1
5
Okay, let's start a game!
> 0
Grade: None.
> 1
Grade: None.
> 2
Grade: None.
> 3
Grade: None.
> 4
Grade: None.
> 5
Grade: 1 bull.
Congratulations! You guessed the secret code.
?[1;31m
Start test 2?[0m
Please, enter the secret code's length:
> 4
5031
Okay, let's start a game!
> 0000
Grade: 1 bull(s) and 3 cow(s).
> 1111
Grade: 1 bull(s) and 3 cow(s).
> 2222
Grade: None.
> 3333
Grade: 1 bull(s) and 3 cow(s).
> 4444
Grade: None.
> 5555
Grade: 1 bull(s) and 3 cow(s).
> 0135
Grade: 1 bull(s) and 3 cow(s).
> 1035
Grade: 2 bull(s) and 2 cow(s).
> 3015
Grade: 1 bull(s) and 3 cow(s).
> 0315
Grade: 4 cow.
> 1305
Grade: 4 cow.
> 3105
Grade: 4 cow.
> 5103
Grade: 1 bull(s) and 3 cow(s).
> 1503
Grade: 4 cow.
> 0513
Grade: 4 cow.
> 5013
Grade: 2 bull(s) and 2 cow(s).
> 1053
Grade: 1 bull(s) and 3 cow(s).
> 0153
Grade: 4 cow.
> 0351
Grade: 1 bull(s) and 3 cow(s).
> 3051
Grade: 2 bull(s) and 2 cow(s).
> 5031
Grade: 4 bull.
Congratulations! You guessed the secret code.
?[1;31m
Start test 3?[0m
Please, enter the secret code's length:
> 6
503172
Okay, let's start a game!
> 000000
Grade: 1 bull(s) and 5 cow(s).
> 111111
Grade: 1 bull(s) and 5 cow(s).
> 222222
Grade: 1 bull(s) and 5 cow(s).
> 333333
Grade: 1 bull(s) and 5 cow(s).
> 444444
Grade: None.
> 555555
Grade: 1 bull(s) and 5 cow(s).
> 666666
Grade: None.
> 777777
Grade: 1 bull(s) and 5 cow(s).
> 012357
Grade: 6 cow.
> 102357
Grade: 1 bull(s) and 5 cow(s).
> 201357
Grade: 1 bull(s) and 5 cow(s).
> 021357
Grade: 6 cow.
> 120357
Grade: 6 cow.
> 210357
Grade: 6 cow.
> 310257
Grade: 6 cow.
> 130257
Grade: 6 cow.
> 031257
Grade: 6 cow.
> 301257
Grade: 1 bull(s) and 5 cow(s).
> 103257
Grade: 2 bull(s) and 4 cow(s).
> 013257
Grade: 1 bull(s) and 5 cow(s).
> 023157
Grade: 2 bull(s) and 4 cow(s).
> 203157
Grade: 3 bull(s) and 3 cow(s).
> 302157
Grade: 2 bull(s) and 4 cow(s).
> 032157
Grade: 1 bull(s) and 5 cow(s).
> 230157
Grade: 1 bull(s) and 5 cow(s).
> 320157
Grade: 1 bull(s) and 5 cow(s).
> 321057
Grade: 6 cow.
> 231057
Grade: 6 cow.
> 132057
Grade: 6 cow.
> 312057
Grade: 6 cow.
> 213057
Grade: 1 bull(s) and 5 cow(s).
> 123057
Grade: 1 bull(s) and 5 cow(s).
> 523017
Grade: 2 bull(s) and 4 cow(s).
> 253017
Grade: 1 bull(s) and 5 cow(s).
> 352017
Grade: 6 cow.
> 532017
Grade: 1 bull(s) and 5 cow(s).
> 235017
Grade: 6 cow.
> 325017
Grade: 6 cow.
> 025317
Grade: 6 cow.
> 205317
Grade: 1 bull(s) and 5 cow(s).
> 502317
Grade: 2 bull(s) and 4 cow(s).
> 052317
Grade: 6 cow.
> 250317
Grade: 6 cow.
> 520317
Grade: 1 bull(s) and 5 cow(s).
> 530217
Grade: 1 bull(s) and 5 cow(s).
> 350217
Grade: 6 cow.
> 053217
Grade: 1 bull(s) and 5 cow(s).
> 503217
Grade: 3 bull(s) and 3 cow(s).
> 305217
Grade: 1 bull(s) and 5 cow(s).
> 035217
Grade: 6 cow.
> 032517
Grade: 6 cow.
> 302517
Grade: 1 bull(s) and 5 cow(s).
> 203517
Grade: 2 bull(s) and 4 cow(s).
> 023517
Grade: 1 bull(s) and 5 cow(s).
> 320517
Grade: 6 cow.
> 230517
Grade: 6 cow.
> 130527
Grade: 6 cow.
> 310527
Grade: 6 cow.
> 013527
Grade: 1 bull(s) and 5 cow(s).
> 103527
Grade: 2 bull(s) and 4 cow(s).
> 301527
Grade: 1 bull(s) and 5 cow(s).
> 031527
Grade: 6 cow.
> 531027
Grade: 1 bull(s) and 5 cow(s).
> 351027
Grade: 6 cow.
> 153027
Grade: 1 bull(s) and 5 cow(s).
> 513027
Grade: 2 bull(s) and 4 cow(s).
> 315027
Grade: 6 cow.
> 135027
Grade: 6 cow.
> 105327
Grade: 1 bull(s) and 5 cow(s).
> 015327
Grade: 6 cow.
> 510327
Grade: 1 bull(s) and 5 cow(s).
> 150327
Grade: 6 cow.
> 051327
Grade: 6 cow.
> 501327
Grade: 2 bull(s) and 4 cow(s).
> 503127
Grade: 4 bull(s) and 2 cow(s).
> 053127
Grade: 2 bull(s) and 4 cow(s).
> 350127
Grade: 1 bull(s) and 5 cow(s).
> 530127
Grade: 2 bull(s) and 4 cow(s).
> 035127
Grade: 1 bull(s) and 5 cow(s).
> 305127
Grade: 2 bull(s) and 4 cow(s).
> 205137
Grade: 2 bull(s) and 4 cow(s).
> 025137
Grade: 1 bull(s) and 5 cow(s).
> 520137
Grade: 2 bull(s) and 4 cow(s).
> 250137
Grade: 1 bull(s) and 5 cow(s).
> 052137
Grade: 1 bull(s) and 5 cow(s).
> 502137
Grade: 3 bull(s) and 3 cow(s).
> 102537
Grade: 1 bull(s) and 5 cow(s).
> 012537
Grade: 6 cow.
> 210537
Grade: 6 cow.
> 120537
Grade: 6 cow.
> 021537
Grade: 6 cow.
> 201537
Grade: 1 bull(s) and 5 cow(s).
> 251037
Grade: 6 cow.
> 521037
Grade: 1 bull(s) and 5 cow(s).
> 125037
Grade: 6 cow.
> 215037
Grade: 6 cow.
> 512037
Grade: 1 bull(s) and 5 cow(s).
> 152037
Grade: 6 cow.
> 150237
Grade: 6 cow.
> 510237
Grade: 1 bull(s) and 5 cow(s).
> 015237
Grade: 6 cow.
> 105237
Grade: 1 bull(s) and 5 cow(s).
> 501237
Grade: 2 bull(s) and 4 cow(s).
> 051237
Grade: 6 cow.
> 351207
Grade: 6 cow.
> 531207
Grade: 1 bull(s) and 5 cow(s).
> 135207
Grade: 6 cow.
> 315207
Grade: 6 cow.
> 513207
Grade: 2 bull(s) and 4 cow(s).
> 153207
Grade: 1 bull(s) and 5 cow(s).
> 253107
Grade: 2 bull(s) and 4 cow(s).
> 523107
Grade: 3 bull(s) and 3 cow(s).
> 325107
Grade: 1 bull(s) and 5 cow(s).
> 235107
Grade: 1 bull(s) and 5 cow(s).
> 532107
Grade: 2 bull(s) and 4 cow(s).
> 352107
Grade: 1 bull(s) and 5 cow(s).
> 312507
Grade: 6 cow.
> 132507
Grade: 6 cow.
> 231507
Grade: 6 cow.
> 321507
Grade: 6 cow.
> 123507
Grade: 1 bull(s) and 5 cow(s).
> 213507
Grade: 1 bull(s) and 5 cow(s).
> 215307
Grade: 6 cow.
> 125307
Grade: 6 cow.
> 521307
Grade: 1 bull(s) and 5 cow(s).
> 251307
Grade: 6 cow.
> 152307
Grade: 6 cow.
> 512307
Grade: 1 bull(s) and 5 cow(s).
> 712305
Grade: 6 cow.
> 172305
Grade: 6 cow.
> 271305
Grade: 6 cow.
> 721305
Grade: 6 cow.
> 127305
Grade: 6 cow.
> 217305
Grade: 6 cow.
> 317205
Grade: 6 cow.
> 137205
Grade: 6 cow.
> 731205
Grade: 6 cow.
> 371205
Grade: 6 cow.
> 173205
Grade: 1 bull(s) and 5 cow(s).
> 713205
Grade: 1 bull(s) and 5 cow(s).
> 723105
Grade: 2 bull(s) and 4 cow(s).
> 273105
Grade: 2 bull(s) and 4 cow(s).
> 372105
Grade: 1 bull(s) and 5 cow(s).
> 732105
Grade: 1 bull(s) and 5 cow(s).
> 237105
Grade: 1 bull(s) and 5 cow(s).
> 327105
Grade: 1 bull(s) and 5 cow(s).
> 321705
Grade: 6 cow.
> 231705
Grade: 6 cow.
> 132705
Grade: 6 cow.
> 312705
Grade: 6 cow.
> 213705
Grade: 1 bull(s) and 5 cow(s).
> 123705
Grade: 1 bull(s) and 5 cow(s).
> 023715
Grade: 1 bull(s) and 5 cow(s).
> 203715
Grade: 2 bull(s) and 4 cow(s).
> 302715
Grade: 1 bull(s) and 5 cow(s).
> 032715
Grade: 6 cow.
> 230715
Grade: 6 cow.
> 320715
Grade: 6 cow.
> 720315
Grade: 6 cow.
> 270315
Grade: 6 cow.
> 072315
Grade: 6 cow.
> 702315
Grade: 1 bull(s) and 5 cow(s).
> 207315
Grade: 1 bull(s) and 5 cow(s).
> 027315
Grade: 6 cow.
> 037215
Grade: 6 cow.
> 307215
Grade: 1 bull(s) and 5 cow(s).
> 703215
Grade: 2 bull(s) and 4 cow(s).
> 073215
Grade: 1 bull(s) and 5 cow(s).
> 370215
Grade: 6 cow.
> 730215
Grade: 6 cow.
> 732015
Grade: 6 cow.
> 372015
Grade: 6 cow.
> 273015
Grade: 1 bull(s) and 5 cow(s).
> 723015
Grade: 1 bull(s) and 5 cow(s).
> 327015
Grade: 6 cow.
> 237015
Grade: 6 cow.
> 137025
Grade: 6 cow.
> 317025
Grade: 6 cow.
> 713025
Grade: 1 bull(s) and 5 cow(s).
> 173025
Grade: 1 bull(s) and 5 cow(s).
> 371025
Grade: 6 cow.
> 731025
Grade: 6 cow.
> 031725
Grade: 6 cow.
> 301725
Grade: 1 bull(s) and 5 cow(s).
> 103725
Grade: 2 bull(s) and 4 cow(s).
> 013725
Grade: 1 bull(s) and 5 cow(s).
> 310725
Grade: 6 cow.
> 130725
Grade: 6 cow.
> 170325
Grade: 6 cow.
> 710325
Grade: 6 cow.
> 017325
Grade: 6 cow.
> 107325
Grade: 1 bull(s) and 5 cow(s).
> 701325
Grade: 1 bull(s) and 5 cow(s).
> 071325
Grade: 6 cow.
> 073125
Grade: 2 bull(s) and 4 cow(s).
> 703125
Grade: 3 bull(s) and 3 cow(s).
> 307125
Grade: 2 bull(s) and 4 cow(s).
> 037125
Grade: 1 bull(s) and 5 cow(s).
> 730125
Grade: 1 bull(s) and 5 cow(s).
> 370125
Grade: 1 bull(s) and 5 cow(s).
> 270135
Grade: 1 bull(s) and 5 cow(s).
> 720135
Grade: 1 bull(s) and 5 cow(s).
> 027135
Grade: 1 bull(s) and 5 cow(s).
> 207135
Grade: 2 bull(s) and 4 cow(s).
> 702135
Grade: 2 bull(s) and 4 cow(s).
> 072135
Grade: 1 bull(s) and 5 cow(s).
> 172035
Grade: 6 cow.
> 712035
Grade: 6 cow.
> 217035
Grade: 6 cow.
> 127035
Grade: 6 cow.
> 721035
Grade: 6 cow.
> 271035
Grade: 6 cow.
> 201735
Grade: 1 bull(s) and 5 cow(s).
> 021735
Grade: 6 cow.
> 120735
Grade: 6 cow.
> 210735
Grade: 6 cow.
> 012735
Grade: 6 cow.
> 102735
Grade: 1 bull(s) and 5 cow(s).
> 107235
Grade: 1 bull(s) and 5 cow(s).
> 017235
Grade: 6 cow.
> 710235
Grade: 6 cow.
> 170235
Grade: 6 cow.
> 071235
Grade: 6 cow.
> 701235
Grade: 1 bull(s) and 5 cow(s).
> 301275
Grade: 2 bull(s) and 4 cow(s).
> 031275
Grade: 1 bull(s) and 5 cow(s).
> 130275
Grade: 1 bull(s) and 5 cow(s).
> 310275
Grade: 1 bull(s) and 5 cow(s).
> 013275
Grade: 2 bull(s) and 4 cow(s).
> 103275
Grade: 3 bull(s) and 3 cow(s).
> 203175
Grade: 4 bull(s) and 2 cow(s).
> 023175
Grade: 3 bull(s) and 3 cow(s).
> 320175
Grade: 2 bull(s) and 4 cow(s).
> 230175
Grade: 2 bull(s) and 4 cow(s).
> 032175
Grade: 2 bull(s) and 4 cow(s).
> 302175
Grade: 3 bull(s) and 3 cow(s).
> 312075
Grade: 1 bull(s) and 5 cow(s).
> 132075
Grade: 1 bull(s) and 5 cow(s).
> 231075
Grade: 1 bull(s) and 5 cow(s).
> 321075
Grade: 1 bull(s) and 5 cow(s).
> 123075
Grade: 2 bull(s) and 4 cow(s).
> 213075
Grade: 2 bull(s) and 4 cow(s).
> 210375
Grade: 1 bull(s) and 5 cow(s).
> 120375
Grade: 1 bull(s) and 5 cow(s).
> 021375
Grade: 1 bull(s) and 5 cow(s).
> 201375
Grade: 2 bull(s) and 4 cow(s).
> 102375
Grade: 2 bull(s) and 4 cow(s).
> 012375
Grade: 1 bull(s) and 5 cow(s).
> 052371
Grade: 1 bull(s) and 5 cow(s).
> 502371
Grade: 3 bull(s) and 3 cow(s).
> 205371
Grade: 2 bull(s) and 4 cow(s).
> 025371
Grade: 1 bull(s) and 5 cow(s).
> 520371
Grade: 2 bull(s) and 4 cow(s).
> 250371
Grade: 1 bull(s) and 5 cow(s).
> 350271
Grade: 1 bull(s) and 5 cow(s).
> 530271
Grade: 2 bull(s) and 4 cow(s).
> 035271
Grade: 1 bull(s) and 5 cow(s).
> 305271
Grade: 2 bull(s) and 4 cow(s).
> 503271
Grade: 4 bull(s) and 2 cow(s).
> 053271
Grade: 2 bull(s) and 4 cow(s).
> 023571
Grade: 2 bull(s) and 4 cow(s).
> 203571
Grade: 3 bull(s) and 3 cow(s).
> 302571
Grade: 2 bull(s) and 4 cow(s).
> 032571
Grade: 1 bull(s) and 5 cow(s).
> 230571
Grade: 1 bull(s) and 5 cow(s).
> 320571
Grade: 1 bull(s) and 5 cow(s).
> 325071
Grade: 1 bull(s) and 5 cow(s).
> 235071
Grade: 1 bull(s) and 5 cow(s).
> 532071
Grade: 2 bull(s) and 4 cow(s).
> 352071
Grade: 1 bull(s) and 5 cow(s).
> 253071
Grade: 2 bull(s) and 4 cow(s).
> 523071
Grade: 3 bull(s) and 3 cow(s).
> 723051
Grade: 1 bull(s) and 5 cow(s).
> 273051
Grade: 1 bull(s) and 5 cow(s).
> 372051
Grade: 6 cow.
> 732051
Grade: 6 cow.
> 237051
Grade: 6 cow.
> 327051
Grade: 6 cow.
> 027351
Grade: 6 cow.
> 207351
Grade: 1 bull(s) and 5 cow(s).
> 702351
Grade: 1 bull(s) and 5 cow(s).
> 072351
Grade: 6 cow.
> 270351
Grade: 6 cow.
> 720351
Grade: 6 cow.
> 730251
Grade: 6 cow.
> 370251
Grade: 6 cow.
> 073251
Grade: 1 bull(s) and 5 cow(s).
> 703251
Grade: 2 bull(s) and 4 cow(s).
> 307251
Grade: 1 bull(s) and 5 cow(s).
> 037251
Grade: 6 cow.
> 032751
Grade: 6 cow.
> 302751
Grade: 1 bull(s) and 5 cow(s).
> 203751
Grade: 2 bull(s) and 4 cow(s).
> 023751
Grade: 1 bull(s) and 5 cow(s).
> 320751
Grade: 6 cow.
> 230751
Grade: 6 cow.
> 530721
Grade: 1 bull(s) and 5 cow(s).
> 350721
Grade: 6 cow.
> 053721
Grade: 1 bull(s) and 5 cow(s).
> 503721
Grade: 3 bull(s) and 3 cow(s).
> 305721
Grade: 1 bull(s) and 5 cow(s).
> 035721
Grade: 6 cow.
> 735021
Grade: 6 cow.
> 375021
Grade: 6 cow.
> 573021
Grade: 2 bull(s) and 4 cow(s).
> 753021
Grade: 1 bull(s) and 5 cow(s).
> 357021
Grade: 6 cow.
> 537021
Grade: 1 bull(s) and 5 cow(s).
> 507321
Grade: 2 bull(s) and 4 cow(s).
> 057321
Grade: 6 cow.
> 750321
Grade: 6 cow.
> 570321
Grade: 1 bull(s) and 5 cow(s).
> 075321
Grade: 6 cow.
> 705321
Grade: 1 bull(s) and 5 cow(s).
> 703521
Grade: 2 bull(s) and 4 cow(s).
> 073521
Grade: 1 bull(s) and 5 cow(s).
> 370521
Grade: 6 cow.
> 730521
Grade: 6 cow.
> 037521
Grade: 6 cow.
> 307521
Grade: 1 bull(s) and 5 cow(s).
> 207531
Grade: 1 bull(s) and 5 cow(s).
> 027531
Grade: 6 cow.
> 720531
Grade: 6 cow.
> 270531
Grade: 6 cow.
> 072531
Grade: 6 cow.
> 702531
Grade: 1 bull(s) and 5 cow(s).
> 502731
Grade: 2 bull(s) and 4 cow(s).
> 052731
Grade: 6 cow.
> 250731
Grade: 6 cow.
> 520731
Grade: 1 bull(s) and 5 cow(s).
> 025731
Grade: 6 cow.
> 205731
Grade: 1 bull(s) and 5 cow(s).
> 275031
Grade: 6 cow.
> 725031
Grade: 6 cow.
> 527031
Grade: 1 bull(s) and 5 cow(s).
> 257031
Grade: 6 cow.
> 752031
Grade: 6 cow.
> 572031
Grade: 1 bull(s) and 5 cow(s).
> 570231
Grade: 1 bull(s) and 5 cow(s).
> 750231
Grade: 6 cow.
> 057231
Grade: 6 cow.
> 507231
Grade: 2 bull(s) and 4 cow(s).
> 705231
Grade: 1 bull(s) and 5 cow(s).
> 075231
Grade: 6 cow.
> 375201
Grade: 6 cow.
> 735201
Grade: 6 cow.
> 537201
Grade: 1 bull(s) and 5 cow(s).
> 357201
Grade: 6 cow.
> 753201
Grade: 1 bull(s) and 5 cow(s).
> 573201
Grade: 2 bull(s) and 4 cow(s).
> 273501
Grade: 1 bull(s) and 5 cow(s).
> 723501
Grade: 1 bull(s) and 5 cow(s).
> 327501
Grade: 6 cow.
> 237501
Grade: 6 cow.
> 732501
Grade: 6 cow.
> 372501
Grade: 6 cow.
> 352701
Grade: 6 cow.
> 532701
Grade: 1 bull(s) and 5 cow(s).
> 235701
Grade: 6 cow.
> 325701
Grade: 6 cow.
> 523701
Grade: 2 bull(s) and 4 cow(s).
> 253701
Grade: 1 bull(s) and 5 cow(s).
> 257301
Grade: 6 cow.
> 527301
Grade: 1 bull(s) and 5 cow(s).
> 725301
Grade: 6 cow.
> 275301
Grade: 6 cow.
> 572301
Grade: 1 bull(s) and 5 cow(s).
> 752301
Grade: 6 cow.
> 751302
Grade: 1 bull(s) and 5 cow(s).
> 571302
Grade: 2 bull(s) and 4 cow(s).
> 175302
Grade: 1 bull(s) and 5 cow(s).
> 715302
Grade: 1 bull(s) and 5 cow(s).
> 517302
Grade: 2 bull(s) and 4 cow(s).
> 157302
Grade: 1 bull(s) and 5 cow(s).
> 357102
Grade: 2 bull(s) and 4 cow(s).
> 537102
Grade: 3 bull(s) and 3 cow(s).
> 735102
Grade: 2 bull(s) and 4 cow(s).
> 375102
Grade: 2 bull(s) and 4 cow(s).
> 573102
Grade: 4 bull(s) and 2 cow(s).
> 753102
Grade: 3 bull(s) and 3 cow(s).
> 713502
Grade: 2 bull(s) and 4 cow(s).
> 173502
Grade: 2 bull(s) and 4 cow(s).
> 371502
Grade: 1 bull(s) and 5 cow(s).
> 731502
Grade: 1 bull(s) and 5 cow(s).
> 137502
Grade: 1 bull(s) and 5 cow(s).
> 317502
Grade: 1 bull(s) and 5 cow(s).
> 315702
Grade: 1 bull(s) and 5 cow(s).
> 135702
Grade: 1 bull(s) and 5 cow(s).
> 531702
Grade: 2 bull(s) and 4 cow(s).
> 351702
Grade: 1 bull(s) and 5 cow(s).
> 153702
Grade: 2 bull(s) and 4 cow(s).
> 513702
Grade: 3 bull(s) and 3 cow(s).
> 013752
Grade: 2 bull(s) and 4 cow(s).
> 103752
Grade: 3 bull(s) and 3 cow(s).
> 301752
Grade: 2 bull(s) and 4 cow(s).
> 031752
Grade: 1 bull(s) and 5 cow(s).
> 130752
Grade: 1 bull(s) and 5 cow(s).
> 310752
Grade: 1 bull(s) and 5 cow(s).
> 710352
Grade: 1 bull(s) and 5 cow(s).
> 170352
Grade: 1 bull(s) and 5 cow(s).
> 071352
Grade: 1 bull(s) and 5 cow(s).
> 701352
Grade: 2 bull(s) and 4 cow(s).
> 107352
Grade: 2 bull(s) and 4 cow(s).
> 017352
Grade: 1 bull(s) and 5 cow(s).
> 037152
Grade: 2 bull(s) and 4 cow(s).
> 307152
Grade: 3 bull(s) and 3 cow(s).
> 703152
Grade: 4 bull(s) and 2 cow(s).
> 073152
Grade: 3 bull(s) and 3 cow(s).
> 370152
Grade: 2 bull(s) and 4 cow(s).
> 730152
Grade: 2 bull(s) and 4 cow(s).
> 731052
Grade: 1 bull(s) and 5 cow(s).
> 371052
Grade: 1 bull(s) and 5 cow(s).
> 173052
Grade: 2 bull(s) and 4 cow(s).
> 713052
Grade: 2 bull(s) and 4 cow(s).
> 317052
Grade: 1 bull(s) and 5 cow(s).
> 137052
Grade: 1 bull(s) and 5 cow(s).
> 537012
Grade: 2 bull(s) and 4 cow(s).
> 357012
Grade: 1 bull(s) and 5 cow(s).
> 753012
Grade: 2 bull(s) and 4 cow(s).
> 573012
Grade: 3 bull(s) and 3 cow(s).
> 375012
Grade: 1 bull(s) and 5 cow(s).
> 735012
Grade: 1 bull(s) and 5 cow(s).
> 035712
Grade: 1 bull(s) and 5 cow(s).
> 305712
Grade: 2 bull(s) and 4 cow(s).
> 503712
Grade: 4 bull(s) and 2 cow(s).
> 053712
Grade: 2 bull(s) and 4 cow(s).
> 350712
Grade: 1 bull(s) and 5 cow(s).
> 530712
Grade: 2 bull(s) and 4 cow(s).
> 570312
Grade: 2 bull(s) and 4 cow(s).
> 750312
Grade: 1 bull(s) and 5 cow(s).
> 057312
Grade: 1 bull(s) and 5 cow(s).
> 507312
Grade: 3 bull(s) and 3 cow(s).
> 705312
Grade: 2 bull(s) and 4 cow(s).
> 075312
Grade: 1 bull(s) and 5 cow(s).
> 073512
Grade: 2 bull(s) and 4 cow(s).
> 703512
Grade: 3 bull(s) and 3 cow(s).
> 307512
Grade: 2 bull(s) and 4 cow(s).
> 037512
Grade: 1 bull(s) and 5 cow(s).
> 730512
Grade: 1 bull(s) and 5 cow(s).
> 370512
Grade: 1 bull(s) and 5 cow(s).
> 170532
Grade: 1 bull(s) and 5 cow(s).
> 710532
Grade: 1 bull(s) and 5 cow(s).
> 017532
Grade: 1 bull(s) and 5 cow(s).
> 107532
Grade: 2 bull(s) and 4 cow(s).
> 701532
Grade: 2 bull(s) and 4 cow(s).
> 071532
Grade: 1 bull(s) and 5 cow(s).
> 571032
Grade: 2 bull(s) and 4 cow(s).
> 751032
Grade: 1 bull(s) and 5 cow(s).
> 157032
Grade: 1 bull(s) and 5 cow(s).
> 517032
Grade: 2 bull(s) and 4 cow(s).
> 715032
Grade: 1 bull(s) and 5 cow(s).
> 175032
Grade: 1 bull(s) and 5 cow(s).
> 105732
Grade: 2 bull(s) and 4 cow(s).
> 015732
Grade: 1 bull(s) and 5 cow(s).
> 510732
Grade: 2 bull(s) and 4 cow(s).
> 150732
Grade: 1 bull(s) and 5 cow(s).
> 051732
Grade: 1 bull(s) and 5 cow(s).
> 501732
Grade: 3 bull(s) and 3 cow(s).
> 507132
Grade: 4 bull(s) and 2 cow(s).
> 057132
Grade: 2 bull(s) and 4 cow(s).
> 750132
Grade: 2 bull(s) and 4 cow(s).
> 570132
Grade: 3 bull(s) and 3 cow(s).
> 075132
Grade: 2 bull(s) and 4 cow(s).
> 705132
Grade: 3 bull(s) and 3 cow(s).
> 305172
Grade: 4 bull(s) and 2 cow(s).
> 035172
Grade: 3 bull(s) and 3 cow(s).
> 530172
Grade: 4 bull(s) and 2 cow(s).
> 350172
Grade: 3 bull(s) and 3 cow(s).
> 053172
Grade: 4 bull(s) and 2 cow(s).
> 503172
Grade: 6 bull.
Congratulations! You guessed the secret code.
?[1;31m
Start test 4?[0m
Please, enter the secret code's length:
> 11
Error: can't generate a secret number with a length of 11 because there aren't enough unique digits.
0
]]></system-out>
  <system-err><![CDATA[]]></system-err>
</testsuite>
