<?xml version="1.0" encoding="UTF-8"?>
<testsuite name="BullsCowsTest" tests="1" skipped="0" failures="0" errors="0" timestamp="2021-02-15T18:10:33" hostname="DESKTOP-E4L6CVU" time="0.083">
  <properties/>
  <testcase name="start" classname="BullsCowsTest" time="0.083"/>
  <system-out><![CDATA[?[1;31m
Start test 1?[0m
> 3601
Grade: None. The secret code is 5794
?[1;31m
Start test 2?[0m
> 5794
Grade: 1 bull(s) and 2 cow(s). The secret code is 5249
?[1;31m
Start test 3?[0m
> 1367
Grade: 2 cow(s). The secret code is 8651
]]></system-out>
  <system-err><![CDATA[]]></system-err>
</testsuite>
